<?xml version="1.0" encoding="UTF-8"?>
<testng-results ignored="0" total="2" passed="2" failed="0" skipped="0">
  <reporter-output>
  </reporter-output>
  <suite started-at="2025-01-02T20:43:06 IST" name="master Suite" finished-at="2025-01-02T20:43:18 IST" duration-ms="12013">
    <groups>
      <group name="Master">
        <method signature="TC001_AccountRegistrationTest.verify_account_registration()[pri:0, instance:tastCases.TC001_AccountRegistrationTest@f6efaab]" name="verify_account_registration" class="tastCases.TC001_AccountRegistrationTest"/>
        <method signature="TC002_LoginTest.verify_login()[pri:0, instance:tastCases.TC002_LoginTest@35d019a3]" name="verify_login" class="tastCases.TC002_LoginTest"/>
      </group> <!-- Master -->
      <group name="Sanity">
        <method signature="TC002_LoginTest.verify_login()[pri:0, instance:tastCases.TC002_LoginTest@35d019a3]" name="verify_login" class="tastCases.TC002_LoginTest"/>
      </group> <!-- Sanity -->
      <group name="Regression">
        <method signature="TC001_AccountRegistrationTest.verify_account_registration()[pri:0, instance:tastCases.TC001_AccountRegistrationTest@f6efaab]" name="verify_account_registration" class="tastCases.TC001_AccountRegistrationTest"/>
      </group> <!-- Regression -->
    </groups>
    <test started-at="2025-01-02T20:43:06 IST" name="Test" finished-at="2025-01-02T20:43:18 IST" duration-ms="12013">
      <class name="tastCases.TC002_LoginTest">
        <test-method is-config="true" signature="setup(java.lang.String,java.lang.String)[pri:0, instance:tastCases.TC002_LoginTest@35d019a3]" started-at="2025-01-02T20:43:14 IST" name="setup" finished-at="2025-01-02T20:43:16 IST" duration-ms="2239" status="PASS">
          <params>
            <param index="0">
              <value>
                <![CDATA[Windows]]>
              </value>
            </param>
            <param index="1">
              <value>
                <![CDATA[Chrome]]>
              </value>
            </param>
          </params>
          <reporter-output>
          </reporter-output>
        </test-method> <!-- setup -->
        <test-method signature="verify_login()[pri:0, instance:tastCases.TC002_LoginTest@35d019a3]" started-at="2025-01-02T20:43:16 IST" name="verify_login" finished-at="2025-01-02T20:43:17 IST" duration-ms="1169" status="PASS">
          <reporter-output>
          </reporter-output>
        </test-method> <!-- verify_login -->
        <test-method is-config="true" signature="tearDown()[pri:0, instance:tastCases.TC002_LoginTest@35d019a3]" started-at="2025-01-02T20:43:17 IST" name="tearDown" finished-at="2025-01-02T20:43:18 IST" duration-ms="130" status="PASS">
          <reporter-output>
          </reporter-output>
        </test-method> <!-- tearDown -->
      </class> <!-- tastCases.TC002_LoginTest -->
      <class name="tastCases.TC001_AccountRegistrationTest">
        <test-method is-config="true" signature="setup(java.lang.String,java.lang.String)[pri:0, instance:tastCases.TC001_AccountRegistrationTest@f6efaab]" started-at="2025-01-02T20:43:06 IST" name="setup" finished-at="2025-01-02T20:43:12 IST" duration-ms="6199" status="PASS">
          <params>
            <param index="0">
              <value>
                <![CDATA[Windows]]>
              </value>
            </param>
            <param index="1">
              <value>
                <![CDATA[Chrome]]>
              </value>
            </param>
          </params>
          <reporter-output>
          </reporter-output>
        </test-method> <!-- setup -->
        <test-method signature="verify_account_registration()[pri:0, instance:tastCases.TC001_AccountRegistrationTest@f6efaab]" started-at="2025-01-02T20:43:12 IST" name="verify_account_registration" finished-at="2025-01-02T20:43:14 IST" duration-ms="1858" status="PASS">
          <reporter-output>
          </reporter-output>
        </test-method> <!-- verify_account_registration -->
        <test-method is-config="true" signature="tearDown()[pri:0, instance:tastCases.TC001_AccountRegistrationTest@f6efaab]" started-at="2025-01-02T20:43:14 IST" name="tearDown" finished-at="2025-01-02T20:43:14 IST" duration-ms="132" status="PASS">
          <reporter-output>
          </reporter-output>
        </test-method> <!-- tearDown -->
      </class> <!-- tastCases.TC001_AccountRegistrationTest -->
    </test> <!-- Test -->
  </suite> <!-- master Suite -->
</testng-results>
